<?xml version="1.0" encoding="UTF-8"?>
<!-- Generated by org.testng.reporters.JUnitXMLReporter -->
<testsuite hostname="LIPL-HO-L-088" ignored="0" name="Test" tests="7" failures="0" timestamp="02 Aug 2020 13:12:57 GMT" time="2.079" errors="0">
  <testcase name="postRequest" time="1.599" classname="org.testing.TestScripts.postRequestTC"/>
  <testcase name="getRequestUsingEndpoint" time="0.077" classname="org.testing.TestScripts.getRequestTC"/>
  <testcase name="getRequestUsingQueryParameter" time="0.157" classname="org.testing.TestScripts.getRequestUsingQuery"/>
  <testcase name="PutRequest" time="0.054" classname="org.testing.TestScripts.putRequestTC"/>
  <testcase name="patchRequest" time="0.052" classname="org.testing.TestScripts.patchRequestTC"/>
  <testcase name="deleteRequest" time="0.061" classname="org.testing.TestScripts.deleteRequestTC"/>
  <testcase name="PutRequestMul" time="0.005" classname="org.testing.TestScripts.put_Multiple"/>
</testsuite> <!-- Test -->
